Performing C SOURCE FILE Test CMAKE_HAVE_LIBC_PTHREAD failed with the following output:
Change Dir: /home/hexi/CLionProjects/VisionLib/U-V-disparity-detect-ground/detect_ground_dp/cmake-build-debug/CMakeFiles/CMakeTmp

Run Build Command(s):/usr/bin/make cmTC_ba6f3/fast && /usr/bin/make -f CMakeFiles/cmTC_ba6f3.dir/build.make CMakeFiles/cmTC_ba6f3.dir/build
make[1]: Entering directory '/home/hexi/CLionProjects/VisionLib/U-V-disparity-detect-ground/detect_ground_dp/cmake-build-debug/CMakeFiles/CMakeTmp'
Building C object CMakeFiles/cmTC_ba6f3.dir/src.c.o
/usr/bin/cc   -fPIC -DCMAKE_HAVE_LIBC_PTHREAD   -o CMakeFiles/cmTC_ba6f3.dir/src.c.o   -c /home/hexi/CLionProjects/VisionLib/U-V-disparity-detect-ground/detect_ground_dp/cmake-build-debug/CMakeFiles/CMakeTmp/src.c
Linking C executable cmTC_ba6f3
/home/hexi/clion-2019.2.3/bin/cmake/linux/bin/cmake -E cmake_link_script CMakeFiles/cmTC_ba6f3.dir/link.txt --verbose=1
/usr/bin/cc -fPIC -DCMAKE_HAVE_LIBC_PTHREAD    CMakeFiles/cmTC_ba6f3.dir/src.c.o  -o cmTC_ba6f3 
CMakeFiles/cmTC_ba6f3.dir/src.c.o：在函数‘main’中：
src.c:(.text+0x3e)：对‘pthread_create’未定义的引用
src.c:(.text+0x4a)：对‘pthread_detach’未定义的引用
src.c:(.text+0x5b)：对‘pthread_join’未定义的引用
src.c:(.text+0x6f)：对‘pthread_atfork’未定义的引用
collect2: error: ld returned 1 exit status
CMakeFiles/cmTC_ba6f3.dir/build.make:86: recipe for target 'cmTC_ba6f3' failed
make[1]: *** [cmTC_ba6f3] Error 1
make[1]: Leaving directory '/home/hexi/CLionProjects/VisionLib/U-V-disparity-detect-ground/detect_ground_dp/cmake-build-debug/CMakeFiles/CMakeTmp'
Makefile:121: recipe for target 'cmTC_ba6f3/fast' failed
make: *** [cmTC_ba6f3/fast] Error 2


Source file was:
#include <pthread.h>

void* test_func(void* data)
{
  return data;
}

int main(void)
{
  pthread_t thread;
  pthread_create(&thread, NULL, test_func, NULL);
  pthread_detach(thread);
  pthread_join(thread, NULL);
  pthread_atfork(NULL, NULL, NULL);
  pthread_exit(NULL);

  return 0;
}

Determining if the function pthread_create exists in the pthreads failed with the following output:
Change Dir: /home/hexi/CLionProjects/VisionLib/U-V-disparity-detect-ground/detect_ground_dp/cmake-build-debug/CMakeFiles/CMakeTmp

Run Build Command(s):/usr/bin/make cmTC_ad7fb/fast && /usr/bin/make -f CMakeFiles/cmTC_ad7fb.dir/build.make CMakeFiles/cmTC_ad7fb.dir/build
make[1]: Entering directory '/home/hexi/CLionProjects/VisionLib/U-V-disparity-detect-ground/detect_ground_dp/cmake-build-debug/CMakeFiles/CMakeTmp'
Building C object CMakeFiles/cmTC_ad7fb.dir/CheckFunctionExists.c.o
/usr/bin/cc   -fPIC -DCHECK_FUNCTION_EXISTS=pthread_create   -o CMakeFiles/cmTC_ad7fb.dir/CheckFunctionExists.c.o   -c /home/hexi/clion-2019.2.3/bin/cmake/linux/share/cmake-3.15/Modules/CheckFunctionExists.c
Linking C executable cmTC_ad7fb
/home/hexi/clion-2019.2.3/bin/cmake/linux/bin/cmake -E cmake_link_script CMakeFiles/cmTC_ad7fb.dir/link.txt --verbose=1
/usr/bin/cc -fPIC -DCHECK_FUNCTION_EXISTS=pthread_create    CMakeFiles/cmTC_ad7fb.dir/CheckFunctionExists.c.o  -o cmTC_ad7fb -lpthreads 
/usr/bin/ld: 找不到 -lpthreads
collect2: error: ld returned 1 exit status
CMakeFiles/cmTC_ad7fb.dir/build.make:86: recipe for target 'cmTC_ad7fb' failed
make[1]: *** [cmTC_ad7fb] Error 1
make[1]: Leaving directory '/home/hexi/CLionProjects/VisionLib/U-V-disparity-detect-ground/detect_ground_dp/cmake-build-debug/CMakeFiles/CMakeTmp'
Makefile:121: recipe for target 'cmTC_ad7fb/fast' failed
make: *** [cmTC_ad7fb/fast] Error 2



